<?xml version="1.0" encoding="UTF-8"?>
<Site BuildName="(empty)"
	BuildStamp="20250517-0934-Experimental"
	Name="wxj"
	Generator="ctest-3.26.5"
	CompilerName="/usr/bin/c++"
	CompilerVersion="11.4.0"
	OSName="Linux"
	Hostname="wxj"
	OSRelease="6.8.0-57-generic"
	OSVersion="#59~22.04.1-Ubuntu SMP PREEMPT_DYNAMIC Wed Mar 19 17:07:41 UTC 2"
	OSPlatform="x86_64"
	Is64Bits="1"
	VendorString="GenuineIntel"
	VendorID="Intel Corporation"
	FamilyID="6"
	ModelID="183"
	ProcessorCacheSize="24576"
	NumberOfLogicalCPU="20"
	NumberOfPhysicalCPU="14"
	TotalVirtualMemory="0"
	TotalPhysicalMemory="31874"
	LogicalProcessorsPerPhysical="1"
	ProcessorClockFrequency="2600"
	>
	<Testing>
		<StartDateTime>May 17 17:34 CST</StartDateTime>
		<StartTestTime>1747474476</StartTestTime>
		<TestList/>
		<EndDateTime>May 17 17:34 CST</EndDateTime>
		<EndTestTime>1747474476</EndTestTime>
		<ElapsedMinutes>0</ElapsedMinutes>
	</Testing>
</Site>
