Start testing: May 17 21:24 CST
----------------------------------------------------------
6/6 Testing: xmllint
6/6 Test: xmllint
Command: "/usr/bin/python3" "-u" "/opt/ros/humble/share/ament_cmake_test/cmake/run_test.py" "/home/hy/wust_planner/src/planner_manager/build/test_results/planner_manager/xmllint.xunit.xml" "--package-name" "planner_manager" "--output-file" "/home/hy/wust_planner/src/planner_manager/build/ament_xmllint/xmllint.txt" "--command" "/opt/ros/humble/bin/ament_xmllint" "--xunit-file" "/home/hy/wust_planner/src/planner_manager/build/test_results/planner_manager/xmllint.xunit.xml"
Directory: /home/hy/wust_planner/src/planner_manager
"xmllint" start time: May 17 21:24 CST
Output:
----------------------------------------------------------
-- run_test.py: invoking following command in '/home/hy/wust_planner/src/planner_manager':
 - /opt/ros/humble/bin/ament_xmllint --xunit-file /home/hy/wust_planner/src/planner_manager/build/test_results/planner_manager/xmllint.xunit.xml
File 'package.xml' is valid

File 'build/Testing/20250517-1249/Test.xml' is valid

File 'build/test_results/planner_manager/cppcheck.xunit.xml' is valid

File 'build/test_results/planner_manager/flake8.xunit.xml' is valid

File 'build/test_results/planner_manager/lint_cmake.xunit.xml' is valid

File 'build/test_results/planner_manager/pep257.xunit.xml' is valid

File 'build/test_results/planner_manager/uncrustify.xunit.xml' is valid

File 'build/test_results/planner_manager/xmllint.xunit.xml' is valid

No problems found
-- run_test.py: return code 0
-- run_test.py: verify result file '/home/hy/wust_planner/src/planner_manager/build/test_results/planner_manager/xmllint.xunit.xml'
<end of output>
Test time =   1.52 sec
----------------------------------------------------------
Test Passed.
"xmllint" end time: May 17 21:24 CST
"xmllint" time elapsed: 00:00:01
----------------------------------------------------------

End testing: May 17 21:24 CST

linter =   1.52 sec*proc

xmllint =   1.52 sec*proc

